<?xml version="1.0" encoding="UTF-8"?>
<!-- Generated by org.testng.reporters.JUnitXMLReporter -->
<testsuite ignored="1" hostname="DESKTOP-AQAA9VU" failures="0" tests="1" name="BankingApp Test" time="30.186" errors="0" timestamp="2022-07-03T09:29:01 EDT">
  <testcase classname="com.inetbanking.testCases.TC_LoginTest_001" name="zogTest" time="2.01"/>
  <testcase classname="com.inetbanking.testCases.TC_LoginTest_001" name="loginTest" time="0.0">
    <ignored/>
  </testcase> <!-- loginTest -->
</testsuite> <!-- BankingApp Test -->
