<?xml version="1.0" encoding="UTF-8"?>
<testng-results ignored="1" total="2" passed="1" failed="0" skipped="0">
  <reporter-output>
  </reporter-output>
  <suite started-at="2022-07-03T09:28:29 EDT" name="InetBankingV1" finished-at="2022-07-03T09:29:00 EDT" duration-ms="30186">
    <groups>
    </groups>
    <test started-at="2022-07-03T09:28:29 EDT" name="BankingApp Test" finished-at="2022-07-03T09:29:00 EDT" duration-ms="30186">
      <class name="com.inetbanking.testCases.TC_LoginTest_001">
        <test-method is-config="true" signature="setup(java.lang.String)[pri:0, instance:com.inetbanking.testCases.TC_LoginTest_001@408d971b]" started-at="2022-07-03T09:28:30 EDT" name="setup" finished-at="2022-07-03T09:28:53 EDT" duration-ms="22718" status="PASS">
          <params>
            <param index="0">
              <value>
                <![CDATA[chrome]]>
              </value>
            </param>
          </params>
          <reporter-output>
          </reporter-output>
        </test-method> <!-- setup -->
        <test-method signature="zogTest(java.lang.String)[pri:0, instance:com.inetbanking.testCases.TC_LoginTest_001@408d971b]" started-at="2022-07-03T09:28:53 EDT" name="zogTest" finished-at="2022-07-03T09:28:55 EDT" duration-ms="2010" status="PASS">
          <params>
            <param index="0">
              <value>
                <![CDATA[sggh@dghh]]>
              </value>
            </param>
          </params>
          <reporter-output>
          </reporter-output>
        </test-method> <!-- zogTest -->
        <test-method is-config="true" signature="tearDown()[pri:0, instance:com.inetbanking.testCases.TC_LoginTest_001@408d971b]" started-at="2022-07-03T09:28:55 EDT" name="tearDown" finished-at="2022-07-03T09:29:00 EDT" duration-ms="4671" status="PASS">
          <reporter-output>
          </reporter-output>
        </test-method> <!-- tearDown -->
      </class> <!-- com.inetbanking.testCases.TC_LoginTest_001 -->
    </test> <!-- BankingApp Test -->
  </suite> <!-- InetBankingV1 -->
</testng-results>
